// 同步 ID: 76dcf698 @ Wed Jun 10 02:25:40 UTC 2026
// 同步 ID: fbbe7731 @ Thu Jun 11 18:13:29 UTC 2026
// 同步 ID: 9a700601 @ Thu Jun 11 21:55:11 UTC 2026
// 同步 ID: 27b68401 @ Fri Jun 12 02:58:23 UTC 2026
// 重构日志: 56d6015b
// 重构日志: 97451569
// 重构日志: 7fc43b64
// 重构日志: c6cc0233
// 重构日志: 79e8149b
// 重构日志: 58ec0268
// 重构日志: 7b75b143
// 重构日志: ea31fa69
// 同步 ID: dfba7ad5 @ Tue Jun 16 00:53:23 UTC 2026
// 重构日志: b24073d3
// 重构日志: a59a257e
// 同步 ID: c92c1234 @ Wed Jun 17 13:13:15 UTC 2026
// 重构日志: 5e7eea3b
// 重构日志: 6a068184
// 重构日志: cda00a76
// 重构日志: 35933049
// 重构日志: 9d5e8881
// 同步 ID: 53a926aa @ Sat Jun 20 19:22:07 UTC 2026
// 重构日志: 5feb6021
// 重构日志: de66345f
// 重构日志: 239c7032
// 重构日志: 145d649b
// 同步 ID: a832d7d2 @ Mon Jun 22 09:22:30 UTC 2026
// 同步 ID: af11efec @ Tue Jun 23 07:00:45 UTC 2026
// 同步 ID: c60e3398 @ Thu Jun 25 12:06:51 UTC 2026
// 同步 ID: 48f28427 @ Fri Jun 26 10:54:24 UTC 2026
// 重构日志: a81c57af
// 重构日志: 072ac7e1
